<?xml version="1.0" encoding="UTF-8"?>
<!-- Generated by org.testng.reporters.JUnitReportReporter -->
<testsuite skipped="0" hostname="DESKTOP-1CMO051" name="SimpleTest" tests="3" failures="0" timestamp="2021-11-16T09:56:54 IST" time="55.079" errors="0">
  <testcase name="search" time="18.130" classname="SimpleTest"/>
  <system-out>
    <![CDATA[Keyword entered is : Automation
Search results are displayed.]]>
  </system-out>
  <testcase name="search" time="17.716" classname="SimpleTest"/>
  <system-out>
    <![CDATA[Keyword entered is : T20 WorldCup
Search results are displayed.]]>
  </system-out>
  <testcase name="search" time="19.233" classname="SimpleTest"/>
  <system-out>
    <![CDATA[Keyword entered is : Avinash Ambavale
Search results are displayed.]]>
  </system-out>
</testsuite> <!-- SimpleTest -->
