<?xml version="1.0" encoding="UTF-8"?>
<!-- Generated by org.testng.reporters.JUnitReportReporter -->
<testsuite skipped="0" hostname="DESKTOP-1CMO051" name="testNGPackage.TestScripts" tests="3" failures="0" timestamp="2021-12-06T22:09:59 IST" time="41.234" errors="0">
  <testcase name="readExcelDataFromSheet" time="12.774" classname="testNGPackage.TestScripts"/>
  <system-out/>
  <testcase name="readExcelDataFromSheet" time="15.564" classname="testNGPackage.TestScripts"/>
  <system-out/>
  <testcase name="readExcelDataFromSheet" time="12.896" classname="testNGPackage.TestScripts"/>
  <system-out/>
</testsuite> <!-- testNGPackage.TestScripts -->
