<?xml version="1.0" encoding="UTF-8"?>
<!-- Generated by org.testng.reporters.JUnitReportReporter -->
<testsuite skipped="0" hostname="DESKTOP-1CMO051" name="DatabaseTesting.SqlConnectivity" tests="1" failures="0" timestamp="2021-09-04T23:30:39 IST" time="0.758" errors="0">
  <testcase name="testDB" time="0.758" classname="DatabaseTesting.SqlConnectivity"/>
  <system-out/>
</testsuite> <!-- DatabaseTesting.SqlConnectivity -->
