<?xml version="1.0" encoding="UTF-8"?>
<!-- Generated by org.testng.reporters.JUnitReportReporter -->
<testsuite skipped="0" hostname="DESKTOP-1CMO051" name="testNGPackage.DateFormatter" tests="2" failures="0" timestamp="2021-12-07T16:06:26 IST" time="5.219" errors="0">
  <testcase name="inboxLogin" time="0.283" classname="testNGPackage.DateFormatter"/>
  <system-out/>
  <testcase name="email_or_phoneNumberIsertText" time="4.936" classname="testNGPackage.DateFormatter"/>
  <system-out/>
</testsuite> <!-- testNGPackage.DateFormatter -->
