<?xml version="1.0" encoding="UTF-8"?>
<!-- Generated by org.testng.reporters.JUnitReportReporter -->
<testsuite skipped="0" hostname="DESKTOP-1CMO051" name="TakeAScreenShot.MyScreenShot" tests="1" failures="0" timestamp="2021-08-29T19:53:33 IST" time="19.221" errors="0">
  <testcase name="takeScreenShot" time="19.221" classname="TakeAScreenShot.MyScreenShot"/>
  <system-out/>
</testsuite> <!-- TakeAScreenShot.MyScreenShot -->
