<?xml version="1.0" encoding="UTF-8"?>
<!-- Generated by org.testng.reporters.JUnitReportReporter -->
<testsuite skipped="0" hostname="DESKTOP-1CMO051" name="MyTestOfTestNG" tests="1" failures="0" timestamp="2021-11-16T09:41:39 IST" time="4.875" errors="0">
  <testcase name="reqRespAPI_Print_StatusCode_of_response_on_console" time="4.875" classname="MyTestOfTestNG"/>
  <system-out/>
</testsuite> <!-- MyTestOfTestNG -->
