<?xml version="1.0" encoding="UTF-8"?>
<!-- Generated by org.testng.reporters.JUnitReportReporter -->
<testsuite skipped="0" hostname="DESKTOP-1CMO051" name="Nov2721" tests="1" failures="0" timestamp="2021-09-27T10:00:50 IST" time="0.018" errors="0">
  <testcase name="TestConnectivity" time="0.018" classname="Nov2721"/>
  <system-out/>
</testsuite> <!-- Nov2721 -->
