<?xml version="1.0" encoding="UTF-8"?>
<!-- Generated by org.testng.reporters.JUnitReportReporter -->
<testsuite skipped="0" hostname="DESKTOP-1CMO051" name="testNGPackage.DataProviderTest" tests="4" failures="0" timestamp="2021-11-22T22:49:34 IST" time="0.021" errors="0">
  <testcase name="myTest_orig" time="0.002" classname="testNGPackage.DataProviderTest"/>
  <system-out/>
  <testcase name="myTest" time="0.012" classname="testNGPackage.DataProviderTest"/>
  <system-out/>
  <testcase name="myTest" time="0.004" classname="testNGPackage.DataProviderTest"/>
  <system-out/>
  <testcase name="myTest_orig" time="0.003" classname="testNGPackage.DataProviderTest"/>
  <system-out/>
</testsuite> <!-- testNGPackage.DataProviderTest -->
