<?xml version="1.0" encoding="UTF-8"?>
<!-- Generated by org.testng.reporters.JUnitReportReporter -->
<testsuite skipped="0" hostname="DESKTOP-1CMO051" name="ArraySort" tests="1" failures="0" timestamp="2021-09-27T10:57:41 IST" time="0.013" errors="0">
  <testcase name="sortArrayinDesc" time="0.013" classname="ArraySort"/>
  <system-out/>
</testsuite> <!-- ArraySort -->
