<?xml version="1.0" encoding="UTF-8"?>
<!-- Generated by org.testng.reporters.JUnitReportReporter -->
<testsuite name="testNGPackage.TestNGLearning" tests="4" time="0.018" ignored="1" failures="0" timestamp="29 Jun 2021 04:49:47 GMT" skipped="0" hostname="DESKTOP-1CMO051" errors="0">
  <testcase name="workExp" time="0.002" classname="testNGPackage.TestNGLearning"/>
  <testcase name="rolesAndResponsibilities" time="0.001" classname="testNGPackage.TestNGLearning"/>
  <testcase name="pause" time="0.002" classname="testNGPackage.TestNGLearning"/>
  <testcase name="myPersonalInfo" time="0.013" classname="testNGPackage.TestNGLearning"/>
  <testcase name="myProject" classname="testNGPackage.TestNGLearning">
    <skipped/>
  </testcase> <!-- myProject -->
</testsuite> <!-- testNGPackage.TestNGLearning -->
