<?xml version="1.0" encoding="UTF-8"?>
<!-- Generated by org.testng.reporters.JUnitReportReporter -->
<testsuite skipped="0" hostname="DESKTOP-1CMO051" name="ArrayProgramsForTest" tests="1" failures="0" timestamp="2021-10-24T12:22:30 IST" time="0.012" errors="0">
  <testcase name="reverseTheWordsOfString" time="0.012" classname="ArrayProgramsForTest"/>
  <system-out/>
</testsuite> <!-- ArrayProgramsForTest -->
