<?xml version="1.0" encoding="UTF-8"?>
<!-- Generated by org.testng.reporters.JUnitReportReporter -->
<testsuite name="testNGPackage.ReqRespAPITest" tests="1" time="2.298" ignored="2" failures="0" timestamp="02 Jul 2021 04:08:40 GMT" skipped="0" hostname="DESKTOP-1CMO051" errors="0">
  <testcase name="find_specific_string_from_response" time="2.298" classname="testNGPackage.ReqRespAPITest"/>
  <testcase name="validate_response_Field" classname="testNGPackage.ReqRespAPITest">
    <skipped/>
  </testcase> <!-- validate_response_Field -->
  <testcase name="check_status_code_is_200" classname="testNGPackage.ReqRespAPITest">
    <skipped/>
  </testcase> <!-- check_status_code_is_200 -->
</testsuite> <!-- testNGPackage.ReqRespAPITest -->
