<?xml version="1.0" encoding="UTF-8"?>
<!-- Generated by org.testng.reporters.JUnitReportReporter -->
<testsuite skipped="0" hostname="DESKTOP-1CMO051" name="ReadExcelFileData.ExcelDataProvider" tests="6" failures="0" timestamp="2021-12-06T14:40:09 IST" time="0.018" errors="0">
  <testcase name="readExcelDataFromSheet" time="0.001" classname="ReadExcelFileData.ExcelDataProvider"/>
  <system-out/>
  <testcase name="readExcelDataFromSheet" time="0.002" classname="ReadExcelFileData.ExcelDataProvider"/>
  <system-out/>
  <testcase name="readExcelDataFromSheet" time="0.002" classname="ReadExcelFileData.ExcelDataProvider"/>
  <system-out/>
  <testcase name="readExcelDataFromSheet" time="0.002" classname="ReadExcelFileData.ExcelDataProvider"/>
  <system-out/>
  <testcase name="readExcelDataFromSheet" time="0.009" classname="ReadExcelFileData.ExcelDataProvider"/>
  <system-out/>
  <testcase name="readExcelDataFromSheet" time="0.002" classname="ReadExcelFileData.ExcelDataProvider"/>
  <system-out/>
</testsuite> <!-- ReadExcelFileData.ExcelDataProvider -->
