<?xml version="1.0" encoding="UTF-8"?>
<!-- Generated by org.testng.reporters.JUnitReportReporter -->
<testsuite name="testNGPackage.NewTest" tests="1" time="0.013" ignored="0" failures="0" timestamp="29 Jun 2021 04:00:50 GMT" skipped="0" hostname="DESKTOP-1CMO051" errors="0">
  <testcase name="FirstTest" time="0.013" classname="testNGPackage.NewTest"/>
</testsuite> <!-- testNGPackage.NewTest -->
